<?xml version="1.0" encoding="UTF-8"?>
<!-- Generated by org.testng.reporters.JUnitReportReporter -->
<testsuite hostname="DESKTOP-LC2OIGE" failures="0" tests="1" name="vtiger.Tc_002_CreateContact_org_Test" time="31.248" errors="0" timestamp="2021-10-14T12:18:24 IST" skipped="0">
  <testcase classname="vtiger.Tc_002_CreateContact_org_Test" name="CreateContactTestWindowHandle" time="31.248"/>
  <system-out/>
</testsuite> <!-- vtiger.Tc_002_CreateContact_org_Test -->
