<?xml version="1.0" encoding="UTF-8"?>
<!-- Generated by org.testng.reporters.JUnitReportReporter -->
<testsuite hostname="DESKTOP-LC2OIGE" failures="0" tests="1" name="com.Vtiger.pomscripts.Tc_001_CreateOrg_DD_Test" time="45.445" errors="0" timestamp="2021-10-21T13:06:58 IST" skipped="0">
  <testcase classname="com.Vtiger.pomscripts.Tc_001_CreateOrg_DD_Test" name="Tc001_CreateOrgDDTest" time="45.445"/>
  <system-out/>
</testsuite> <!-- com.Vtiger.pomscripts.Tc_001_CreateOrg_DD_Test -->
