<?xml version="1.0" encoding="UTF-8"?>
<!-- Generated by org.testng.reporters.JUnitReportReporter -->
<testsuite hostname="DESKTOP-LC2OIGE" failures="0" tests="1" name="vtiger.Tc_001_CreateContact_org_Test" time="36.108" errors="0" timestamp="2021-10-13T10:38:35 IST" skipped="0">
  <testcase classname="vtiger.Tc_001_CreateContact_org_Test" name="CreatecontactTest" time="36.108"/>
  <system-out/>
</testsuite> <!-- vtiger.Tc_001_CreateContact_org_Test -->
